TN:
SF:/home/aziz/falconC/falconC/utils_impl/option.c
FN:21,Some_
FNDA:10,Some_
FN:38,None_
FNDA:4,None_
FN:49,assign_
FNDA:2,assign_
FN:60,is_none
FNDA:9,is_none
FN:64,extract_
FNDA:5,extract_
FN:70,destroy_option
FNDA:14,destroy_option
DA:21,10
DA:22,10
DA:23,10
DA:24,0
DA:25,0
DA:27,10
DA:28,10
DA:29,0
DA:30,0
DA:31,0
DA:33,10
DA:34,10
DA:35,10
DA:38,4
DA:39,4
DA:40,4
DA:41,0
DA:42,0
DA:45,4
DA:46,4
DA:49,2
DA:50,2
DA:51,2
DA:52,2
DA:53,0
DA:54,0
DA:56,2
DA:57,2
DA:58,2
DA:60,9
DA:61,9
DA:64,5
DA:65,5
DA:66,5
DA:67,5
DA:70,14
DA:71,14
DA:72,14
DA:73,14
end_of_record
TN:
SF:/home/aziz/falconC/falconC/utils_tests/option_test.c
FN:14,test1_succ
FNDA:1,test1_succ
FN:26,test1_fail
FNDA:1,test1_fail
FN:38,test2_succ
FNDA:1,test2_succ
FN:50,test2_fail
FNDA:1,test2_fail
FN:62,test3_succ
FNDA:1,test3_succ
FN:74,test3_fail
FNDA:1,test3_fail
FN:86,test4_succ
FNDA:1,test4_succ
FN:98,test4_fail
FNDA:1,test4_fail
FN:110,test5_succ
FNDA:1,test5_succ
FN:124,test5_fail
FNDA:1,test5_fail
FN:138,test6_succ
FNDA:1,test6_succ
FN:151,test6_fail
FNDA:1,test6_fail
FN:167,run_tests_succ
FNDA:1,run_tests_succ
FN:184,run_tests_fail
FNDA:1,run_tests_fail
FN:201,main
FNDA:1,main
DA:14,1
DA:15,1
DA:16,1
DA:17,1
DA:18,1
DA:20,0
DA:21,0
DA:23,1
DA:24,1
DA:26,1
DA:27,1
DA:28,1
DA:29,0
DA:30,0
DA:32,1
DA:33,1
DA:35,1
DA:36,1
DA:38,1
DA:39,1
DA:40,1
DA:41,1
DA:42,1
DA:44,0
DA:45,0
DA:47,1
DA:48,1
DA:50,1
DA:51,1
DA:52,1
DA:53,0
DA:54,0
DA:56,1
DA:57,1
DA:59,1
DA:60,1
DA:62,1
DA:63,1
DA:64,1
DA:65,1
DA:66,1
DA:68,0
DA:69,0
DA:71,1
DA:72,1
DA:74,1
DA:75,1
DA:76,1
DA:77,0
DA:78,0
DA:80,1
DA:81,1
DA:83,1
DA:84,1
DA:86,1
DA:87,1
DA:88,1
DA:95,1
DA:96,1
DA:98,1
DA:99,1
DA:100,1
DA:107,1
DA:108,1
DA:110,1
DA:111,1
DA:112,1
DA:113,1
DA:114,1
DA:115,1
DA:117,0
DA:118,0
DA:120,1
DA:121,1
DA:122,1
DA:124,1
DA:125,1
DA:126,1
DA:127,1
DA:128,0
DA:129,0
DA:131,1
DA:132,1
DA:134,1
DA:135,1
DA:136,1
DA:138,1
DA:139,1
DA:140,1
DA:141,1
DA:142,1
DA:143,1
DA:145,0
DA:146,0
DA:148,1
DA:149,1
DA:151,1
DA:152,1
DA:153,1
DA:154,1
DA:155,0
DA:156,0
DA:158,1
DA:159,1
DA:161,1
DA:162,1
DA:167,1
DA:169,1
DA:170,1
DA:171,1
DA:172,1
DA:173,1
DA:174,1
DA:175,7
DA:176,6
DA:177,6
DA:179,0
DA:181,1
DA:182,1
DA:184,1
DA:186,1
DA:187,1
DA:188,1
DA:189,1
DA:190,1
DA:191,1
DA:192,7
DA:193,6
DA:194,0
DA:196,6
DA:198,1
DA:199,1
DA:201,1
DA:202,1
DA:203,1
DA:205,1
DA:206,1
DA:208,1
end_of_record
