TN:
SF:/home/aziz/falconC/falconC/utils_impl/option.c
FN:64,option_uint8_t_assign
FNDA:2,option_uint8_t_assign
FN:64,option_uint8_t_destroy
FNDA:14,option_uint8_t_destroy
FN:64,option_uint8_t_extract_or
FNDA:3,option_uint8_t_extract_or
FN:64,option_uint8_t_extract
FNDA:4,option_uint8_t_extract
FN:64,option_uint8_t_is_none
FNDA:6,option_uint8_t_is_none
FN:64,option_uint8_t_none
FNDA:4,option_uint8_t_none
FN:64,option_uint8_t_some
FNDA:10,option_uint8_t_some
DA:64,2
DA:64,14
DA:64,3
DA:64,4
DA:64,6
DA:64,4
DA:64,10
end_of_record
TN:
SF:/home/aziz/falconC/falconC/utils_tests/option_test.c
FN:15,test1_succ
FNDA:1,test1_succ
FN:28,test1_fail
FNDA:1,test1_fail
FN:40,test2_succ
FNDA:1,test2_succ
FN:52,test2_fail
FNDA:1,test2_fail
FN:64,test3_succ
FNDA:1,test3_succ
FN:76,test3_fail
FNDA:1,test3_fail
FN:88,test4_succ
FNDA:1,test4_succ
FN:100,test4_fail
FNDA:1,test4_fail
FN:112,test5_succ
FNDA:1,test5_succ
FN:125,test5_fail
FNDA:1,test5_fail
FN:138,test6_succ
FNDA:1,test6_succ
FN:151,test6_fail
FNDA:1,test6_fail
FN:167,run_tests_succ
FNDA:1,run_tests_succ
FN:184,run_tests_fail
FNDA:1,run_tests_fail
FN:201,main
FNDA:1,main
DA:15,1
DA:16,1
DA:17,1
DA:18,1
DA:19,1
DA:20,1
DA:21,1
DA:23,0
DA:24,0
DA:25,0
DA:28,1
DA:29,1
DA:30,1
DA:31,0
DA:32,0
DA:34,1
DA:35,1
DA:37,1
DA:38,1
DA:40,1
DA:41,1
DA:42,1
DA:43,1
DA:44,1
DA:46,0
DA:47,0
DA:49,1
DA:50,1
DA:52,1
DA:53,1
DA:54,1
DA:55,0
DA:56,0
DA:58,1
DA:59,1
DA:61,1
DA:62,1
DA:64,1
DA:65,1
DA:66,1
DA:67,1
DA:68,1
DA:70,0
DA:71,0
DA:73,1
DA:74,1
DA:76,1
DA:77,1
DA:78,1
DA:79,0
DA:80,0
DA:82,1
DA:83,1
DA:85,1
DA:86,1
DA:88,1
DA:89,1
DA:90,1
DA:97,1
DA:98,1
DA:100,1
DA:101,1
DA:102,1
DA:109,1
DA:110,1
DA:112,1
DA:113,1
DA:114,1
DA:115,1
DA:116,1
DA:117,1
DA:119,0
DA:120,0
DA:122,3
DA:123,1
DA:125,1
DA:126,1
DA:127,1
DA:128,1
DA:129,0
DA:130,0
DA:132,1
DA:133,1
DA:135,3
DA:136,1
DA:138,1
DA:139,1
DA:140,1
DA:141,1
DA:142,1
DA:143,1
DA:145,0
DA:146,0
DA:148,2
DA:149,1
DA:151,1
DA:152,1
DA:153,1
DA:154,1
DA:155,0
DA:156,0
DA:158,1
DA:159,1
DA:161,2
DA:162,1
DA:167,1
DA:169,1
DA:170,1
DA:171,1
DA:172,1
DA:173,1
DA:174,1
DA:175,7
DA:176,6
DA:177,6
DA:179,0
DA:181,1
DA:182,1
DA:184,1
DA:186,1
DA:187,1
DA:188,1
DA:189,1
DA:190,1
DA:191,1
DA:192,7
DA:193,6
DA:194,0
DA:196,6
DA:198,1
DA:199,1
DA:201,1
DA:202,1
DA:203,1
DA:205,1
DA:206,1
DA:208,1
end_of_record
